<?xml version="1.0" encoding="UTF-8"?>
<!-- Generated by org.testng.reporters.JUnitReportReporter -->
<testsuite hostname="DESKTOP-20MCM0J" failures="0" tests="6" name="api.test.DDtests" time="12.594" errors="0" timestamp="2024-08-03T09:57:30 IST" skipped="0">
  <testcase classname="api.test.DDtests" name="testPostUser" time="6.490"/>
  <testcase classname="api.test.DDtests" name="testPostUser" time="1.324"/>
  <testcase classname="api.test.DDtests" name="testPostUser" time="1.243"/>
  <testcase classname="api.test.DDtests" name="testDeleteUserByName" time="1.208"/>
  <testcase classname="api.test.DDtests" name="testDeleteUserByName" time="1.130"/>
  <testcase classname="api.test.DDtests" name="testDeleteUserByName" time="1.199"/>
</testsuite> <!-- api.test.DDtests -->
