<?xml version="1.0" encoding="UTF-8"?>
<!-- Generated by org.testng.reporters.JUnitReportReporter -->
<testsuite hostname="DESKTOP-20MCM0J" failures="0" tests="4" name="api.test.UserTest" time="10.296" errors="0" timestamp="2024-08-03T15:44:10 IST" skipped="0">
  <testcase classname="api.test.UserTest" name="testPostUser" time="5.469"/>
  <testcase classname="api.test.UserTest" name="testUpdateUser" time="2.384"/>
  <testcase classname="api.test.UserTest" name="testGetUSerByName" time="1.231"/>
  <testcase classname="api.test.UserTest" name="testdeleteUser" time="1.212"/>
</testsuite> <!-- api.test.UserTest -->
